<?xml version="1.0" encoding="UTF-8"?>
<testsuite xmlns:xsi="http://www.w3.org/2001/XMLSchema-instance" xsi:noNamespaceSchemaLocation="https://maven.apache.org/surefire/maven-surefire-plugin/xsd/surefire-test-report-3.0.xsd" version="3.0" name="com.msp.assignment.UsersApplicationTests" time="56.234" tests="1" errors="0" skipped="0" failures="0">
  <properties>
[...]
</properties>
  <testcase name="contextLoads" classname="com.msp.assignment.UsersApplicationTests" time="1.787">
    <system-out><![CDATA[15:07:16.586 [main] INFO org.springframework.test.context.support.AnnotationConfigContextLoaderUtils -- Could not detect default configuration classes for test class [com.msp.assignment.UsersApplicationTests]: UsersApplicationTests does not declare any static, non-private, non-final, nested classes annotated with @Configuration.
15:07:17.052 [main] INFO org.springframework.boot.test.context.SpringBootTestContextBootstrapper -- Found @SpringBootConfiguration com.msp.assignment.MspApplication for test class com.msp.assignment.UsersApplicationTests
15:07:17.790 [main] INFO org.springframework.boot.devtools.restart.RestartApplicationListener -- Restart disabled due to context in which it is running

  .   ____          _            __ _ _
 /\\ / ___'_ __ _ _(_)_ __  __ _ \ \ \ \
( ( )\___ | '_ | '_| | '_ \/ _` | \ \ \ \
 \\/  ___)| |_)| | | | | || (_| |  ) ) ) )
  '  |____| .__|_| |_|_| |_\__, | / / / /
 =========|_|==============|___/=/_/_/_/

 :: Spring Boot ::                (v3.3.2)

2024-08-08T15:07:18.742+05:45  INFO 4556 --- [msp] [           main] c.msp.assignment.UsersApplicationTests   : Starting UsersApplicationTests using Java 19.0.2 with PID 4556 (started by kshitiz in C:\Users\kshitiz\Desktop\MSP\MSPAssignment)
2024-08-08T15:07:18.747+05:45  INFO 4556 --- [msp] [           main] c.msp.assignment.UsersApplicationTests   : No active profile set, falling back to 1 default profile: "default"
2024-08-08T15:07:22.310+05:45  INFO 4556 --- [msp] [           main] .s.d.r.c.RepositoryConfigurationDelegate : Bootstrapping Spring Data JPA repositories in DEFAULT mode.
2024-08-08T15:07:22.987+05:45  INFO 4556 --- [msp] [           main] .s.d.r.c.RepositoryConfigurationDelegate : Finished Spring Data repository scanning in 639 ms. Found 15 JPA repository interfaces.
2024-08-08T15:07:26.274+05:45  INFO 4556 --- [msp] [           main] o.hibernate.jpa.internal.util.LogHelper  : HHH000204: Processing PersistenceUnitInfo [name: default]
2024-08-08T15:07:26.549+05:45  INFO 4556 --- [msp] [           main] org.hibernate.Version                    : HHH000412: Hibernate ORM core version 6.5.2.Final
2024-08-08T15:07:26.769+05:45  INFO 4556 --- [msp] [           main] o.h.c.internal.RegionFactoryInitiator    : HHH000026: Second-level cache disabled
2024-08-08T15:07:28.221+05:45  INFO 4556 --- [msp] [           main] o.s.o.j.p.SpringPersistenceUnitInfo      : No LoadTimeWeaver setup: ignoring JPA class transformer
2024-08-08T15:07:28.335+05:45  INFO 4556 --- [msp] [           main] com.zaxxer.hikari.HikariDataSource       : HikariPool-1 - Starting...
2024-08-08T15:07:32.077+05:45  INFO 4556 --- [msp] [           main] com.zaxxer.hikari.pool.HikariPool        : HikariPool-1 - Added connection org.postgresql.jdbc.PgConnection@563ada5
2024-08-08T15:07:32.082+05:45  INFO 4556 --- [msp] [           main] com.zaxxer.hikari.HikariDataSource       : HikariPool-1 - Start completed.
2024-08-08T15:07:32.451+05:45  WARN 4556 --- [msp] [           main] org.hibernate.orm.deprecation            : HHH90000025: PostgreSQLDialect does not need to be specified explicitly using 'hibernate.dialect' (remove the property setting and it will be selected by default)
2024-08-08T15:07:36.462+05:45  INFO 4556 --- [msp] [           main] o.h.e.t.j.p.i.JtaPlatformInitiator       : HHH000489: No JTA platform available (set 'hibernate.transaction.jta.platform' to enable JTA platform integration)
Hibernate: alter table if exists account_details alter column account_number set data type VARCHAR(30)
Hibernate: alter table if exists account_details alter column bank_name set data type VARCHAR(50)
Hibernate: alter table if exists account_details alter column credit_card_number set data type VARCHAR(30)
Hibernate: alter table if exists account_details alter column first_name set data type VARCHAR(100)
Hibernate: alter table if exists account_details alter column last_name set data type VARCHAR(100)
Hibernate: alter table if exists account_details alter column registered_phone_number set data type VARCHAR(30)
Hibernate: alter table if exists completed_project alter column file set data type TEXT
Hibernate: alter table if exists payments alter column amount set data type DECIMAL(10,2)
Hibernate: alter table if exists projects alter column project_amount set data type VARCHAR(20)
Hibernate: alter table if exists projects alter column project_name set data type VARCHAR(100)
Hibernate: alter table if exists reviews alter column comment set data type TEXT
Hibernate: alter table if exists users alter column address set data type TEXT
Hibernate: alter table if exists users alter column email set data type VARCHAR(100)
Hibernate: alter table if exists users alter column name set data type VARCHAR(50)
Hibernate: alter table if exists users alter column password set data type VARCHAR(100)
Hibernate: alter table if exists users_details alter column cover_letter set data type TEXT
Hibernate: alter table if exists users_details alter column cv set data type TEXT
Hibernate: alter table if exists users_details alter column portfolio set data type TEXT
Hibernate: alter table if exists users_details alter column upload_photo set data type TEXT
2024-08-08T15:08:02.145+05:45  INFO 4556 --- [msp] [           main] j.LocalContainerEntityManagerFactoryBean : Initialized JPA EntityManagerFactory for persistence unit 'default'
2024-08-08T15:08:02.848+05:45  INFO 4556 --- [msp] [           main] o.s.d.j.r.query.QueryEnhancerFactory     : Hibernate is in classpath; If applicable, HQL parser will be used.
2024-08-08T15:08:04.628+05:45  WARN 4556 --- [msp] [           main] JpaBaseConfiguration$JpaWebConfiguration : spring.jpa.open-in-view is enabled by default. Therefore, database queries may be performed during view rendering. Explicitly configure spring.jpa.open-in-view to disable this warning
2024-08-08T15:08:04.732+05:45  INFO 4556 --- [msp] [           main] r$InitializeUserDetailsManagerConfigurer : Global AuthenticationManager configured with UserDetailsService bean with name customUserDetailsService
2024-08-08T15:08:09.936+05:45  INFO 4556 --- [msp] [           main] c.msp.assignment.UsersApplicationTests   : Started UsersApplicationTests in 52.205 seconds (process running for 56.811)
]]></system-out>
  </testcase>
</testsuite>